# Logfile created on Fri Sep 18 14:38:38 +0200 2009 by /
Fri Sep 18 14:38:38 +0200 2009 - Ace+Attorney OR Age+of+conan OR Aion OR Alan+wake OR Aliens+vs+Predator OR All+Points+Bulletin OR Alpha+protocol OR Arkham+Asylum OR Army+of+Two OR Assassin's+Creed+II OR Avatar OR Bakugan OR Band+Hero OR Battlefield+ OR Bayonetta
Fri Sep 18 14:38:38 +0200 2009 - Blur OR Bordelands OR brink OR Brütal+Legend OR Buzz OR Call+of+Duty+ OR Calling OR Castlevania OR Champions+Online OR Command+&+Conquer+4 OR Clash+of+the+titans OR Crash+Times+ OR Crystal+Chronicles OR Crysis+2 OR Dancing+stage
Fri Sep 18 14:38:39 +0200 2009 - Dante’s+Inferno OR Dark+Void OR Dawn+of+the+New+World OR DBZ OR DC+Universe OR Dead+nation+ OR Dead+Space+Extraction OR Dead+to+Rights OR Demonicon OR Diablo+3 OR Dirt+2 OR Dissidia OR DJ+Hero OR DJ+Rapstar OR Dragon+Age
Fri Sep 18 18:28:47 +0200 2009 - []
Fri Sep 18 18:28:47 +0200 2009 - []
Fri Sep 18 18:28:47 +0200 2009 - []
Fri Sep 18 18:28:47 +0200 2009 - []
Fri Sep 18 18:28:47 +0200 2009 - []
Fri Sep 18 18:28:47 +0200 2009 - []
Fri Sep 18 18:28:47 +0200 2009 - []
Fri Sep 18 18:28:47 +0200 2009 - []
Fri Sep 18 18:28:47 +0200 2009 - []
Fri Sep 18 18:28:47 +0200 2009 - []
Fri Sep 18 18:28:47 +0200 2009 - []
Fri Sep 18 18:28:47 +0200 2009 - []
Fri Sep 18 18:28:47 +0200 2009 - []
Fri Sep 18 18:28:47 +0200 2009 - []
Fri Sep 18 18:28:47 +0200 2009 - []
Fri Sep 18 18:28:47 +0200 2009 - []
Fri Sep 18 18:28:47 +0200 2009 - []
Fri Sep 18 18:28:47 +0200 2009 - []
Fri Sep 18 18:28:47 +0200 2009 - []
Fri Sep 18 18:28:47 +0200 2009 - []
Fri Sep 18 18:28:47 +0200 2009 - []
Fri Sep 18 18:28:47 +0200 2009 - []
Fri Sep 18 18:28:47 +0200 2009 - []
Fri Sep 18 18:28:47 +0200 2009 - []
Fri Sep 18 18:28:47 +0200 2009 - []
Fri Sep 18 18:28:47 +0200 2009 - []
Fri Sep 18 18:28:47 +0200 2009 - []
Fri Sep 18 18:28:47 +0200 2009 - []
Fri Sep 18 18:28:47 +0200 2009 - []
Fri Sep 18 18:28:47 +0200 2009 - []
Fri Sep 18 18:28:47 +0200 2009 - []
Fri Sep 18 18:28:47 +0200 2009 - []
Fri Sep 18 18:28:47 +0200 2009 - []
Fri Sep 18 18:28:47 +0200 2009 - []
Fri Sep 18 18:28:47 +0200 2009 - []
Fri Sep 18 18:28:47 +0200 2009 - []
Fri Sep 18 18:28:47 +0200 2009 - []
Fri Sep 18 18:28:47 +0200 2009 - []
Fri Sep 18 18:28:47 +0200 2009 - []
Fri Sep 18 18:28:47 +0200 2009 - []
Fri Sep 18 18:28:47 +0200 2009 - []
Fri Sep 18 18:28:47 +0200 2009 - []
Fri Sep 18 18:28:47 +0200 2009 - []
Fri Sep 18 18:28:47 +0200 2009 - []
Fri Sep 18 18:28:47 +0200 2009 - []
Fri Sep 18 18:28:47 +0200 2009 - [0]
Fri Sep 18 18:28:47 +0200 2009 - #<GoogleChart::LineChart:0x10368eaf8 @data_encoding=:simple, @markers=[], @chart_type=:lc, @axis=[[:x, {:labels=>[]}], [:y, {:labels=>[]}]], @chart_size="100x50", @colors=[], @params={}, @data=[[0]], @show_legend=false, @line_styles=[], @is_xy=false, @chart_title=nil, @labels=["Dragon ball"]>
Fri Sep 18 18:28:47 +0200 2009 - [0]
Fri Sep 18 18:28:47 +0200 2009 - #<GoogleChart::LineChart:0x10366b378 @data_encoding=:simple, @markers=[], @chart_type=:lc, @axis=[[:x, {:labels=>[]}], [:y, {:labels=>[]}]], @chart_size="100x50", @colors=[], @params={}, @data=[[0]], @show_legend=false, @line_styles=[], @is_xy=false, @chart_title=nil, @labels=["Dreamkiller"]>
Fri Sep 18 18:28:47 +0200 2009 - [0]
Fri Sep 18 18:28:47 +0200 2009 - #<GoogleChart::LineChart:0x103650988 @data_encoding=:simple, @markers=[], @chart_type=:lc, @axis=[[:x, {:labels=>[]}], [:y, {:labels=>[]}]], @chart_size="100x50", @colors=[], @params={}, @data=[[0]], @show_legend=false, @line_styles=[], @is_xy=false, @chart_title=nil, @labels=["Dust 514"]>
Fri Sep 18 18:28:47 +0200 2009 - [0]
Fri Sep 18 18:28:47 +0200 2009 - #<GoogleChart::LineChart:0x103634fa8 @data_encoding=:simple, @markers=[], @chart_type=:lc, @axis=[[:x, {:labels=>[]}], [:y, {:labels=>[]}]], @chart_size="100x50", @colors=[], @params={}, @data=[[0]], @show_legend=false, @line_styles=[], @is_xy=false, @chart_title=nil, @labels=["EA Sports Active "]>
Fri Sep 18 18:28:47 +0200 2009 - [0]
Fri Sep 18 18:28:47 +0200 2009 - #<GoogleChart::LineChart:0x103622998 @data_encoding=:simple, @markers=[], @chart_type=:lc, @axis=[[:x, {:labels=>[]}], [:y, {:labels=>[]}]], @chart_size="100x50", @colors=[], @params={}, @data=[[0]], @show_legend=false, @line_styles=[], @is_xy=false, @chart_title=nil, @labels=["Echoshift"]>
Fri Sep 18 18:28:47 +0200 2009 - []
Fri Sep 18 18:28:47 +0200 2009 - []
Fri Sep 18 18:28:47 +0200 2009 - []
Fri Sep 18 18:28:47 +0200 2009 - []
Fri Sep 18 18:28:47 +0200 2009 - []
Fri Sep 18 18:28:47 +0200 2009 - []
Fri Sep 18 18:28:47 +0200 2009 - []
Fri Sep 18 18:28:47 +0200 2009 - []
Fri Sep 18 18:28:47 +0200 2009 - []
Fri Sep 18 18:28:47 +0200 2009 - []
Fri Sep 18 18:28:47 +0200 2009 - []
Fri Sep 18 18:28:47 +0200 2009 - []
Fri Sep 18 18:28:47 +0200 2009 - []
Fri Sep 18 18:28:47 +0200 2009 - []
Fri Sep 18 18:28:47 +0200 2009 - []
Fri Sep 18 18:28:47 +0200 2009 - []
Fri Sep 18 18:28:47 +0200 2009 - []
Fri Sep 18 18:28:47 +0200 2009 - []
Fri Sep 18 18:28:47 +0200 2009 - []
Fri Sep 18 18:28:47 +0200 2009 - []
Fri Sep 18 18:28:47 +0200 2009 - []
Fri Sep 18 18:28:47 +0200 2009 - []
Fri Sep 18 18:28:47 +0200 2009 - []
Fri Sep 18 18:28:47 +0200 2009 - []
Fri Sep 18 18:28:47 +0200 2009 - []
Fri Sep 18 18:28:47 +0200 2009 - []
Fri Sep 18 18:28:47 +0200 2009 - []
Fri Sep 18 18:28:47 +0200 2009 - []
Fri Sep 18 18:28:47 +0200 2009 - []
Fri Sep 18 18:28:47 +0200 2009 - []
Fri Sep 18 18:28:47 +0200 2009 - []
Fri Sep 18 18:28:47 +0200 2009 - []
Fri Sep 18 18:28:47 +0200 2009 - []
Fri Sep 18 18:28:47 +0200 2009 - []
Fri Sep 18 18:28:47 +0200 2009 - []
Fri Sep 18 18:28:47 +0200 2009 - []
Fri Sep 18 18:28:47 +0200 2009 - []
Fri Sep 18 18:28:47 +0200 2009 - []
Fri Sep 18 18:28:47 +0200 2009 - []
Fri Sep 18 18:28:47 +0200 2009 - []
Fri Sep 18 18:28:47 +0200 2009 - []
Fri Sep 18 18:28:47 +0200 2009 - []
Fri Sep 18 18:28:47 +0200 2009 - []
Fri Sep 18 18:28:47 +0200 2009 - []
Fri Sep 18 18:28:47 +0200 2009 - []
Fri Sep 18 18:28:47 +0200 2009 - []
Fri Sep 18 18:28:47 +0200 2009 - []
Fri Sep 18 18:28:47 +0200 2009 - []
Fri Sep 18 18:28:47 +0200 2009 - []
Fri Sep 18 18:28:47 +0200 2009 - []
Fri Sep 18 18:28:47 +0200 2009 - []
Fri Sep 18 18:28:47 +0200 2009 - []
Fri Sep 18 18:28:47 +0200 2009 - []
Fri Sep 18 18:28:47 +0200 2009 - []
Fri Sep 18 18:28:47 +0200 2009 - []
Fri Sep 18 18:28:47 +0200 2009 - []
Fri Sep 18 18:28:47 +0200 2009 - []
Fri Sep 18 18:28:47 +0200 2009 - []
Fri Sep 18 18:28:47 +0200 2009 - []
Fri Sep 18 18:28:47 +0200 2009 - []
Fri Sep 18 18:28:47 +0200 2009 - []
Fri Sep 18 18:28:47 +0200 2009 - []
Fri Sep 18 18:28:47 +0200 2009 - []
Fri Sep 18 18:28:47 +0200 2009 - []
Fri Sep 18 18:28:47 +0200 2009 - []
Fri Sep 18 18:28:47 +0200 2009 - []
Fri Sep 18 18:28:47 +0200 2009 - []
Fri Sep 18 18:28:47 +0200 2009 - []
Fri Sep 18 18:28:47 +0200 2009 - []
Fri Sep 18 18:28:47 +0200 2009 - []
Fri Sep 18 18:28:47 +0200 2009 - []
Fri Sep 18 18:28:47 +0200 2009 - []
Fri Sep 18 18:28:47 +0200 2009 - []
Fri Sep 18 18:28:47 +0200 2009 - []
Fri Sep 18 18:28:47 +0200 2009 - []
Fri Sep 18 18:28:47 +0200 2009 - []
Fri Sep 18 18:28:47 +0200 2009 - []
Fri Sep 18 18:28:47 +0200 2009 - []
Fri Sep 18 18:28:47 +0200 2009 - []
Fri Sep 18 18:28:47 +0200 2009 - []
Fri Sep 18 18:28:47 +0200 2009 - []
Fri Sep 18 18:28:47 +0200 2009 - []
Fri Sep 18 18:28:47 +0200 2009 - []
Fri Sep 18 18:28:47 +0200 2009 - []
Fri Sep 18 18:28:47 +0200 2009 - []
Fri Sep 18 18:28:47 +0200 2009 - []
Fri Sep 18 18:28:47 +0200 2009 - []
Fri Sep 18 18:28:47 +0200 2009 - []
Fri Sep 18 18:28:47 +0200 2009 - []
Fri Sep 18 18:28:47 +0200 2009 - []
Fri Sep 18 18:28:47 +0200 2009 - []
Fri Sep 18 18:28:47 +0200 2009 - []
Fri Sep 18 18:28:47 +0200 2009 - []
Fri Sep 18 18:28:47 +0200 2009 - []
Fri Sep 18 18:28:47 +0200 2009 - []
Fri Sep 18 18:28:47 +0200 2009 - []
Fri Sep 18 18:28:47 +0200 2009 - []
Fri Sep 18 18:28:47 +0200 2009 - []
Fri Sep 18 18:28:47 +0200 2009 - []
Fri Sep 18 18:28:48 +0200 2009 - []
Fri Sep 18 18:28:48 +0200 2009 - []
Fri Sep 18 18:28:48 +0200 2009 - []
Fri Sep 18 18:28:48 +0200 2009 - []
Fri Sep 18 18:28:48 +0200 2009 - []
Fri Sep 18 18:28:48 +0200 2009 - []
Fri Sep 18 18:28:48 +0200 2009 - []
Fri Sep 18 18:28:48 +0200 2009 - []
Fri Sep 18 18:28:48 +0200 2009 - []
Fri Sep 18 18:28:48 +0200 2009 - []
Fri Sep 18 18:28:48 +0200 2009 - []
Fri Sep 18 18:28:48 +0200 2009 - []
Fri Sep 18 18:28:48 +0200 2009 - []
Fri Sep 18 18:28:48 +0200 2009 - []
Fri Sep 18 18:28:48 +0200 2009 - []
Fri Sep 18 18:28:48 +0200 2009 - []
Fri Sep 18 18:28:48 +0200 2009 - []
Fri Sep 18 18:28:48 +0200 2009 - []
Fri Sep 18 18:28:48 +0200 2009 - []
Fri Sep 18 18:28:48 +0200 2009 - []
Fri Sep 18 18:28:48 +0200 2009 - []
Fri Sep 18 18:28:48 +0200 2009 - []
Fri Sep 18 18:28:48 +0200 2009 - []
Fri Sep 18 18:28:48 +0200 2009 - []
Fri Sep 18 18:28:48 +0200 2009 - []
Fri Sep 18 18:28:48 +0200 2009 - []
Fri Sep 18 18:28:48 +0200 2009 - []
Fri Sep 18 18:28:48 +0200 2009 - []
Fri Sep 18 18:28:48 +0200 2009 - []
Fri Sep 18 18:28:48 +0200 2009 - []
Fri Sep 18 18:28:48 +0200 2009 - []
Fri Sep 18 18:28:48 +0200 2009 - []
Fri Sep 18 18:28:48 +0200 2009 - []
Fri Sep 18 18:28:48 +0200 2009 - []
Fri Sep 18 18:28:48 +0200 2009 - []
Fri Sep 18 18:28:48 +0200 2009 - []
Fri Sep 18 18:28:48 +0200 2009 - []
Fri Sep 18 18:28:48 +0200 2009 - []
Fri Sep 18 18:28:48 +0200 2009 - []
Fri Sep 18 18:28:48 +0200 2009 - []
Fri Sep 18 18:28:48 +0200 2009 - []
Fri Sep 18 18:28:48 +0200 2009 - []
Fri Sep 18 18:28:48 +0200 2009 - []
Fri Sep 18 18:28:48 +0200 2009 - []
Fri Sep 18 18:28:48 +0200 2009 - []
Fri Sep 18 18:28:48 +0200 2009 - []
Fri Sep 18 18:28:48 +0200 2009 - []
Fri Sep 18 18:28:48 +0200 2009 - []
Fri Sep 18 18:28:48 +0200 2009 - []
Fri Sep 18 18:28:48 +0200 2009 - []
Fri Sep 18 18:28:48 +0200 2009 - []
Fri Sep 18 18:28:48 +0200 2009 - []
Fri Sep 18 18:28:48 +0200 2009 - []
Fri Sep 18 18:28:48 +0200 2009 - []
Fri Sep 18 18:28:48 +0200 2009 - []
Fri Sep 18 18:28:48 +0200 2009 - []
Fri Sep 18 18:28:48 +0200 2009 - []
Fri Sep 18 18:28:48 +0200 2009 - []
Fri Sep 18 18:28:48 +0200 2009 - []
Fri Sep 18 18:28:48 +0200 2009 - []
Fri Sep 18 18:28:48 +0200 2009 - []
Fri Sep 18 18:28:48 +0200 2009 - []
Fri Sep 18 18:28:48 +0200 2009 - []
Fri Sep 18 18:28:48 +0200 2009 - []
Fri Sep 18 18:28:48 +0200 2009 - []
Fri Sep 18 18:28:48 +0200 2009 - [0]
Fri Sep 18 18:28:48 +0200 2009 - #<GoogleChart::LineChart:0x1032d6488 @data_encoding=:simple, @markers=[], @chart_type=:lc, @axis=[[:x, {:labels=>[]}], [:y, {:labels=>[]}]], @chart_size="100x50", @colors=[], @params={}, @data=[[0]], @show_legend=false, @line_styles=[], @is_xy=false, @chart_title=nil, @labels=["Dragon ball"]>
Fri Sep 18 18:28:48 +0200 2009 - [0]
Fri Sep 18 18:28:48 +0200 2009 - #<GoogleChart::LineChart:0x1032c2438 @data_encoding=:simple, @markers=[], @chart_type=:lc, @axis=[[:x, {:labels=>[]}], [:y, {:labels=>[]}]], @chart_size="100x50", @colors=[], @params={}, @data=[[0]], @show_legend=false, @line_styles=[], @is_xy=false, @chart_title=nil, @labels=["Dreamkiller"]>
Fri Sep 18 18:28:48 +0200 2009 - [0]
Fri Sep 18 18:28:48 +0200 2009 - #<GoogleChart::LineChart:0x1032b9040 @data_encoding=:simple, @markers=[], @chart_type=:lc, @axis=[[:x, {:labels=>[]}], [:y, {:labels=>[]}]], @chart_size="100x50", @colors=[], @params={}, @data=[[0]], @show_legend=false, @line_styles=[], @is_xy=false, @chart_title=nil, @labels=["Dust 514"]>
Fri Sep 18 18:28:48 +0200 2009 - [0]
Fri Sep 18 18:28:48 +0200 2009 - #<GoogleChart::LineChart:0x1032ac4f8 @data_encoding=:simple, @markers=[], @chart_type=:lc, @axis=[[:x, {:labels=>[]}], [:y, {:labels=>[]}]], @chart_size="100x50", @colors=[], @params={}, @data=[[0]], @show_legend=false, @line_styles=[], @is_xy=false, @chart_title=nil, @labels=["EA Sports Active "]>
Fri Sep 18 18:28:48 +0200 2009 - [0]
Fri Sep 18 18:28:48 +0200 2009 - #<GoogleChart::LineChart:0x1032a04f0 @data_encoding=:simple, @markers=[], @chart_type=:lc, @axis=[[:x, {:labels=>[]}], [:y, {:labels=>[]}]], @chart_size="100x50", @colors=[], @params={}, @data=[[0]], @show_legend=false, @line_styles=[], @is_xy=false, @chart_title=nil, @labels=["Echoshift"]>
Fri Sep 18 18:28:48 +0200 2009 - []
Fri Sep 18 18:28:48 +0200 2009 - []
Fri Sep 18 18:28:48 +0200 2009 - []
Fri Sep 18 18:28:48 +0200 2009 - []
Fri Sep 18 18:28:48 +0200 2009 - []
Fri Sep 18 18:28:48 +0200 2009 - []
Fri Sep 18 18:28:48 +0200 2009 - []
Fri Sep 18 18:28:48 +0200 2009 - []
Fri Sep 18 18:28:48 +0200 2009 - []
Fri Sep 18 18:28:48 +0200 2009 - []
Fri Sep 18 18:28:48 +0200 2009 - []
Fri Sep 18 18:28:48 +0200 2009 - []
Fri Sep 18 18:28:48 +0200 2009 - []
Fri Sep 18 18:28:48 +0200 2009 - []
Fri Sep 18 18:28:48 +0200 2009 - []
Fri Sep 18 18:28:48 +0200 2009 - []
Fri Sep 18 18:28:48 +0200 2009 - []
Fri Sep 18 18:28:48 +0200 2009 - []
Fri Sep 18 18:28:48 +0200 2009 - []
Fri Sep 18 18:28:48 +0200 2009 - []
Fri Sep 18 18:28:48 +0200 2009 - []
Fri Sep 18 18:28:48 +0200 2009 - []
Fri Sep 18 18:28:48 +0200 2009 - []
Fri Sep 18 18:28:48 +0200 2009 - []
Fri Sep 18 18:28:48 +0200 2009 - []
Fri Sep 18 18:28:48 +0200 2009 - []
Fri Sep 18 18:28:48 +0200 2009 - []
Fri Sep 18 18:28:48 +0200 2009 - []
Fri Sep 18 18:28:48 +0200 2009 - []
Fri Sep 18 18:28:48 +0200 2009 - []
Fri Sep 18 18:28:48 +0200 2009 - []
Fri Sep 18 18:28:48 +0200 2009 - []
Fri Sep 18 18:28:48 +0200 2009 - []
Fri Sep 18 18:28:48 +0200 2009 - []
Fri Sep 18 18:28:48 +0200 2009 - []
Fri Sep 18 18:28:48 +0200 2009 - []
Fri Sep 18 18:28:48 +0200 2009 - []
Fri Sep 18 18:28:48 +0200 2009 - []
Fri Sep 18 18:28:48 +0200 2009 - []
Fri Sep 18 18:28:48 +0200 2009 - []
Fri Sep 18 18:28:48 +0200 2009 - []
Fri Sep 18 18:28:48 +0200 2009 - []
Fri Sep 18 18:28:48 +0200 2009 - []
Fri Sep 18 18:28:48 +0200 2009 - []
Fri Sep 18 18:28:48 +0200 2009 - []
Fri Sep 18 18:28:48 +0200 2009 - []
Fri Sep 18 18:28:48 +0200 2009 - []
Fri Sep 18 18:28:48 +0200 2009 - []
Fri Sep 18 18:28:48 +0200 2009 - []
Fri Sep 18 18:28:48 +0200 2009 - []
Fri Sep 18 18:28:48 +0200 2009 - []
Fri Sep 18 18:28:48 +0200 2009 - []
Fri Sep 18 18:28:48 +0200 2009 - []
Fri Sep 18 18:28:48 +0200 2009 - []
Fri Sep 18 18:28:48 +0200 2009 - []
Fri Sep 18 18:28:48 +0200 2009 - []
Fri Sep 18 18:28:48 +0200 2009 - []
Fri Sep 18 18:28:48 +0200 2009 - []
Fri Sep 18 18:28:48 +0200 2009 - []
Fri Sep 18 18:28:48 +0200 2009 - []
Fri Sep 18 18:28:48 +0200 2009 - []
Fri Sep 18 18:28:48 +0200 2009 - []
Fri Sep 18 18:28:48 +0200 2009 - []
Fri Sep 18 18:28:48 +0200 2009 - []
Fri Sep 18 18:28:48 +0200 2009 - []
Fri Sep 18 18:28:48 +0200 2009 - []
Fri Sep 18 18:28:48 +0200 2009 - []
Fri Sep 18 18:28:48 +0200 2009 - []
Fri Sep 18 18:28:48 +0200 2009 - []
Fri Sep 18 18:28:48 +0200 2009 - []
Fri Sep 18 18:28:48 +0200 2009 - []
Fri Sep 18 18:28:48 +0200 2009 - []
Fri Sep 18 18:28:48 +0200 2009 - []
Fri Sep 18 18:28:48 +0200 2009 - []
Fri Sep 18 18:28:48 +0200 2009 - []
Fri Sep 18 18:28:48 +0200 2009 - []
Fri Sep 18 18:28:48 +0200 2009 - []
Fri Sep 18 18:28:48 +0200 2009 - []
Fri Sep 18 18:28:48 +0200 2009 - []
Fri Sep 18 18:28:48 +0200 2009 - []
Fri Sep 18 18:28:48 +0200 2009 - []
Fri Sep 18 18:28:48 +0200 2009 - []
Fri Sep 18 18:28:48 +0200 2009 - []
Fri Sep 18 18:28:48 +0200 2009 - []
Fri Sep 18 18:28:48 +0200 2009 - []
Fri Sep 18 18:28:48 +0200 2009 - []
Fri Sep 18 18:28:48 +0200 2009 - []
Fri Sep 18 18:28:48 +0200 2009 - []
Fri Sep 18 18:28:48 +0200 2009 - []
Fri Sep 18 18:28:48 +0200 2009 - []
Fri Sep 18 18:28:48 +0200 2009 - []
Fri Sep 18 18:28:48 +0200 2009 - []
Fri Sep 18 18:28:48 +0200 2009 - []
Fri Sep 18 18:28:48 +0200 2009 - []
Fri Sep 18 18:28:48 +0200 2009 - []
Fri Sep 18 18:28:48 +0200 2009 - []
Fri Sep 18 18:28:48 +0200 2009 - []
Fri Sep 18 18:28:48 +0200 2009 - []
Fri Sep 18 18:28:48 +0200 2009 - []
Fri Sep 18 18:28:48 +0200 2009 - []
Fri Sep 18 18:28:48 +0200 2009 - []
Fri Sep 18 18:28:48 +0200 2009 - []
Fri Sep 18 18:28:48 +0200 2009 - []
Fri Sep 18 18:28:48 +0200 2009 - []
Fri Sep 18 18:28:48 +0200 2009 - []
Fri Sep 18 18:28:48 +0200 2009 - []
Fri Sep 18 18:28:48 +0200 2009 - []
Fri Sep 18 18:28:48 +0200 2009 - []
Fri Sep 18 18:28:48 +0200 2009 - []
Fri Sep 18 18:28:48 +0200 2009 - []
Fri Sep 18 18:28:48 +0200 2009 - []
Fri Sep 18 18:28:48 +0200 2009 - []
Fri Sep 18 18:28:48 +0200 2009 - []
Fri Sep 18 18:28:48 +0200 2009 - []
Fri Sep 18 18:28:48 +0200 2009 - []
Fri Sep 18 18:28:48 +0200 2009 - []
Fri Sep 18 18:28:48 +0200 2009 - []
Fri Sep 18 18:28:48 +0200 2009 - []
Fri Sep 18 18:28:48 +0200 2009 - []
Fri Sep 18 19:10:35 +0200 2009 - Dragon+ball OR Dreamkiller OR Dust+514 OR EA+Sports+Active+ OR Echoshift OR eve+online OR Eye+of+Judgment OR EyePet OR F1+2009 OR Fable+3 OR Family+Trainer OR Fat+princess OR FF+XIII OR FF+XIV OR FIFA+10
Fri Sep 18 19:32:09 +0200 2009 - Dragon+ball OR Dreamkiller OR Dust+514 OR EA+Sports+Active+ OR Echoshift OR eve+online OR Eye+of+Judgment OR EyePet OR F1+2009 OR Fable+3 OR Family+Trainer OR Fat+princess OR FF+XIII OR FF+XIV OR FIFA+10
Fri Sep 18 19:32:47 +0200 2009 - Dragon+ball OR Dreamkiller OR Dust+514 OR EA+Sports+Active+ OR Echoshift OR eve+online OR Eye+of+Judgment OR EyePet OR F1+2009 OR Fable+3 OR Family+Trainer OR Fat+princess OR FF+XIII OR FF+XIV OR FIFA+10
Fri Sep 18 19:32:55 +0200 2009 - Dragon+ball OR Dreamkiller OR Dust+514 OR EA+Sports+Active+ OR Echoshift OR eve+online OR Eye+of+Judgment OR EyePet OR F1+2009 OR Fable+3 OR Family+Trainer OR Fat+princess OR FF+XIII OR FF+XIV OR FIFA+10
Fri Sep 18 19:33:04 +0200 2009 - Dragon+ball OR Dreamkiller OR Dust+514 OR EA+Sports+Active+ OR Echoshift OR eve+online OR Eye+of+Judgment OR EyePet OR F1+2009 OR Fable+3 OR Family+Trainer OR Fat+princess OR FF+XIII OR FF+XIV OR FIFA+10
Fri Sep 18 19:34:34 +0200 2009 - Dragon+ball OR Dreamkiller OR Dust+514 OR EA+Sports+Active+ OR Echoshift OR eve+online OR Eye+of+Judgment OR EyePet OR F1+2009 OR Fable+3 OR Family+Trainer OR Fat+princess OR FF+XIII OR FF+XIV OR FIFA+10
Fri Sep 18 19:49:55 +0200 2009 - Dragon+ball OR Dreamkiller OR Dust+514 OR EA+Sports+Active+ OR Echoshift OR eve+online OR Eye+of+Judgment OR EyePet OR F1+2009 OR Fable+3 OR Family+Trainer OR Fat+princess OR FF+XIII OR FF+XIV OR FIFA+10
Fri Sep 18 20:00:12 +0200 2009 - Dragon+ball OR Dreamkiller OR Dust+514 OR EA+Sports+Active+ OR Echoshift OR eve+online OR Eye+of+Judgment OR EyePet OR F1+2009 OR Fable+3 OR Family+Trainer OR Fat+princess OR FF+XIII OR FF+XIV OR FIFA+10
Fri Sep 18 20:01:21 +0200 2009 - FIFA+2010 OR Final+Fantasy OR Forza+ OR Front+Mission+Evolved OR Ghostbuster OR God+of+War+III OR Gothic+4 OR Gran+Turismo OR Gran+Turismo+5 OR Gravity+Crash OR GT+5 OR GTA OR GTI+Club+ OR Guild+wars+2+ OR Guitar+Hero+5
Fri Sep 18 20:17:52 +0200 2009 - FIFA+2010 OR Final+Fantasy OR Forza+ OR Front+Mission+Evolved OR Ghostbuster OR God+of+War+III OR Gothic+4 OR Gran+Turismo OR Gran+Turismo+5 OR Gravity+Crash OR GT+5 OR GTA OR GTI+Club+ OR Guild+wars+2+ OR Guitar+Hero+5
Fri Sep 18 20:18:26 +0200 2009 - Heavy+Rain OR Infamous OR Invizimals OR Jak+and+Daxter OR Just+cause+2 OR Just+Sing OR kahoots OR Katamari+Forever+ OR Lapins+crétins OR Lead+and+Gold OR LEGO+rock+band OR LEGO+Universe OR Lips OR LittleBigPlanet OR LocoRoco+
Fri Sep 18 20:18:41 +0200 2009 - Lost+Planet+2 OR Maestro+!+Jump+in+Music OR Mafia+2 OR MAG OR Majesty+2+ OR Majin OR Maltazard OR Mario+&+Sonic+ OR Mass+Effect+2 OR Metal+Gear+Solid OR Might+&+Magic OR Mini+ninjas OR Modern+Warfare+ OR ModNation+Racers OR Monster+Hunter+3
Fri Sep 18 20:19:19 +0200 2009 - MotoGP+ OR MotorStorm OR Mount+&+Blade+ OR MySims+Agents OR Mytheon OR Napoleon OR Need+for+Speed+NITRO OR Need+for+Speed+SHIFT OR NHL OR Nier OR ODST OR One+Piece+Unlimited+Cruise+2 OR Peace+Walker OR PES+10 OR PES+2010
Fri Sep 18 20:21:23 +0200 2009 - [#<Tag id: 121, name: "Planet 51", panel_id: 1, fetched_at: "2009-09-18 18:21:23", created_at: "2009-09-18 12:38:28", updated_at: "2009-09-18 18:21:23">, #<Tag id: 122, name: "Pop'n Rhythm", panel_id: 1, fetched_at: "2009-09-18 18:21:23", created_at: "2009-09-18 12:38:28", updated_at: "2009-09-18 18:21:23">, #<Tag id: 123, name: "R.U.S.E", panel_id: 1, fetched_at: "2009-09-18 18:21:23", created_at: "2009-09-18 12:38:28", updated_at: "2009-09-18 18:21:23">, #<Tag id: 124, name: "Rabbids Go Home", panel_id: 1, fetched_at: "2009-09-18 18:21:23", created_at: "2009-09-18 12:38:28", updated_at: "2009-09-18 18:21:23">, #<Tag id: 125, name: "RAGE", panel_id: 1, fetched_at: "2009-09-18 18:21:23", created_at: "2009-09-18 12:38:28", updated_at: "2009-09-18 18:21:23">, #<Tag id: 126, name: "Raging blast ", panel_id: 1, fetched_at: "2009-09-18 18:21:23", created_at: "2009-09-18 12:38:28", updated_at: "2009-09-18 18:21:23">, #<Tag id: 127, name: "Ratchet and Clank", panel_id: 1, fetched_at: "2009-09-18 18:21:23", created_at: "2009-09-18 12:38:28", updated_at: "2009-09-18 18:21:23">, #<Tag id: 128, name: "Red steel 2 ", panel_id: 1, fetched_at: "2009-09-18 18:21:23", created_at: "2009-09-18 12:38:28", updated_at: "2009-09-18 18:21:23">, #<Tag id: 129, name: "resident evil ", panel_id: 1, fetched_at: "2009-09-18 18:21:23", created_at: "2009-09-18 12:38:28", updated_at: "2009-09-18 18:21:23">, #<Tag id: 130, name: "resonance of fate", panel_id: 1, fetched_at: "2009-09-18 18:21:23", created_at: "2009-09-18 12:38:28", updated_at: "2009-09-18 18:21:23">, #<Tag id: 131, name: "Revenge of King Piccolo", panel_id: 1, fetched_at: "2009-09-18 18:21:23", created_at: "2009-09-18 12:38:28", updated_at: "2009-09-18 18:21:23">, #<Tag id: 132, name: "Rising Blast", panel_id: 1, fetched_at: "2009-09-18 18:21:23", created_at: "2009-09-18 12:38:28", updated_at: "2009-09-18 18:21:23">, #<Tag id: 133, name: "Rock Band", panel_id: 1, fetched_at: "2009-09-18 18:21:23", created_at: "2009-09-18 12:38:29", updated_at: "2009-09-18 18:21:23">, #<Tag id: 134, name: "Scooby Doo", panel_id: 1, fetched_at: "2009-09-18 18:21:23", created_at: "2009-09-18 12:38:29", updated_at: "2009-09-18 18:21:23">, #<Tag id: 135, name: "Section 8", panel_id: 1, fetched_at: "2009-09-18 18:21:23", created_at: "2009-09-18 12:38:29", updated_at: "2009-09-18 18:21:23">]
Fri Sep 18 20:22:23 +0200 2009 - [#<Tag id: 136, name: "Shaun White ", panel_id: 1, fetched_at: "2009-09-18 18:22:23", created_at: "2009-09-18 12:38:29", updated_at: "2009-09-18 18:22:23">, #<Tag id: 137, name: "Silent Hill", panel_id: 1, fetched_at: "2009-09-18 18:22:23", created_at: "2009-09-18 12:38:29", updated_at: "2009-09-18 18:22:23">, #<Tag id: 138, name: "Sims 3", panel_id: 1, fetched_at: "2009-09-18 18:22:23", created_at: "2009-09-18 12:38:29", updated_at: "2009-09-18 18:22:23">, #<Tag id: 139, name: "SingStar", panel_id: 1, fetched_at: "2009-09-18 18:22:23", created_at: "2009-09-18 12:38:29", updated_at: "2009-09-18 18:22:23">, #<Tag id: 140, name: "Singularity ", panel_id: 1, fetched_at: "2009-09-18 18:22:23", created_at: "2009-09-18 12:38:29", updated_at: "2009-09-18 18:22:23">, #<Tag id: 141, name: "SOCOM", panel_id: 1, fetched_at: "2009-09-18 18:22:23", created_at: "2009-09-18 12:38:29", updated_at: "2009-09-18 18:22:23">, #<Tag id: 142, name: "Sonic & SEGA", panel_id: 1, fetched_at: "2009-09-18 18:22:23", created_at: "2009-09-18 12:38:29", updated_at: "2009-09-18 18:22:23">, #<Tag id: 143, name: "south park", panel_id: 1, fetched_at: "2009-09-18 18:22:23", created_at: "2009-09-18 12:38:29", updated_at: "2009-09-18 18:22:23">, #<Tag id: 144, name: "Space Invaders", panel_id: 1, fetched_at: "2009-09-18 18:22:23", created_at: "2009-09-18 12:38:29", updated_at: "2009-09-18 18:22:23">, #<Tag id: 145, name: "Spyborgs", panel_id: 1, fetched_at: "2009-09-18 18:22:23", created_at: "2009-09-18 12:38:29", updated_at: "2009-09-18 18:22:23">, #<Tag id: 146, name: "Star Trek Online", panel_id: 1, fetched_at: "2009-09-18 18:22:23", created_at: "2009-09-18 12:38:29", updated_at: "2009-09-18 18:22:23">, #<Tag id: 147, name: "Star war ", panel_id: 1, fetched_at: "2009-09-18 18:22:23", created_at: "2009-09-18 12:38:29", updated_at: "2009-09-18 18:22:23">, #<Tag id: 148, name: "Starcraft 2", panel_id: 1, fetched_at: "2009-09-18 18:22:23", created_at: "2009-09-18 12:38:29", updated_at: "2009-09-18 18:22:23">, #<Tag id: 149, name: "Supreme commander 2", panel_id: 1, fetched_at: "2009-09-18 18:22:23", created_at: "2009-09-18 12:38:29", updated_at: "2009-09-18 18:22:23">, #<Tag id: 150, name: "Tales of Symphonia", panel_id: 1, fetched_at: "2009-09-18 18:22:23", created_at: "2009-09-18 12:38:29", updated_at: "2009-09-18 18:22:23">]
Fri Sep 18 20:22:23 +0200 2009 - #<Tag:0x1032496c8>
Fri Sep 18 20:22:36 +0200 2009 - [#<Tag id: 151, name: "Tatsunoko vs. Capcom ", panel_id: 1, fetched_at: "2009-09-18 18:22:36", created_at: "2009-09-18 12:38:29", updated_at: "2009-09-18 18:22:36">, #<Tag id: 152, name: "Tekken 6", panel_id: 1, fetched_at: "2009-09-18 18:22:36", created_at: "2009-09-18 12:38:29", updated_at: "2009-09-18 18:22:36">, #<Tag id: 153, name: "The Beatles", panel_id: 1, fetched_at: "2009-09-18 18:22:36", created_at: "2009-09-18 12:38:29", updated_at: "2009-09-18 18:22:36">, #<Tag id: 154, name: "The Saboteur", panel_id: 1, fetched_at: "2009-09-18 18:22:36", created_at: "2009-09-18 12:38:29", updated_at: "2009-09-18 18:22:36">, #<Tag id: 155, name: "The Tower of Shadow", panel_id: 1, fetched_at: "2009-09-18 18:22:36", created_at: "2009-09-18 12:38:29", updated_at: "2009-09-18 18:22:36">, #<Tag id: 156, name: "The Whispered World", panel_id: 1, fetched_at: "2009-09-18 18:22:36", created_at: "2009-09-18 12:38:29", updated_at: "2009-09-18 18:22:36">, #<Tag id: 157, name: "Tiger Woods ", panel_id: 1, fetched_at: "2009-09-18 18:22:36", created_at: "2009-09-18 12:38:29", updated_at: "2009-09-18 18:22:36">, #<Tag id: 158, name: "Tony Hawk RIDE", panel_id: 1, fetched_at: "2009-09-18 18:22:36", created_at: "2009-09-18 12:38:29", updated_at: "2009-09-18 18:22:36">, #<Tag id: 159, name: "Tower of shadow", panel_id: 1, fetched_at: "2009-09-18 18:22:36", created_at: "2009-09-18 12:38:29", updated_at: "2009-09-18 18:22:36">, #<Tag id: 160, name: "Tropico 3", panel_id: 1, fetched_at: "2009-09-18 18:22:36", created_at: "2009-09-18 12:38:29", updated_at: "2009-09-18 18:22:36">, #<Tag id: 161, name: "Uncharted 2", panel_id: 1, fetched_at: "2009-09-18 18:22:36", created_at: "2009-09-18 12:38:29", updated_at: "2009-09-18 18:22:36">, #<Tag id: 162, name: "Wacky World of Sports", panel_id: 1, fetched_at: "2009-09-18 18:22:36", created_at: "2009-09-18 12:38:29", updated_at: "2009-09-18 18:22:36">, #<Tag id: 163, name: "WET", panel_id: 1, fetched_at: "2009-09-18 18:22:36", created_at: "2009-09-18 12:38:29", updated_at: "2009-09-18 18:22:36">, #<Tag id: 164, name: "Where the Wild Things Are", panel_id: 1, fetched_at: "2009-09-18 18:22:36", created_at: "2009-09-18 12:38:29", updated_at: "2009-09-18 18:22:36">, #<Tag id: 165, name: "White Knight Chronicles", panel_id: 1, fetched_at: "2009-09-18 18:22:36", created_at: "2009-09-18 12:38:29", updated_at: "2009-09-18 18:22:36">]
Fri Sep 18 20:22:36 +0200 2009 - Tatsunoko vs. Capcom 
Fri Sep 18 20:24:33 +0200 2009 - [#<Tag id: 181, name: "manger", panel_id: 3, fetched_at: "2009-09-18 18:24:33", created_at: "2009-09-18 12:38:29", updated_at: "2009-09-18 18:24:33">, #<Tag id: 182, name: "faim", panel_id: 3, fetched_at: "2009-09-18 18:24:33", created_at: "2009-09-18 12:38:29", updated_at: "2009-09-18 18:24:33">, #<Tag id: 183, name: "royal", panel_id: 4, fetched_at: "2009-09-18 18:24:33", created_at: "2009-09-18 12:38:29", updated_at: "2009-09-18 18:24:33">, #<Tag id: 184, name: "desirsdavenir", panel_id: 4, fetched_at: "2009-09-18 18:24:33", created_at: "2009-09-18 12:38:29", updated_at: "2009-09-18 18:24:33">, #<Tag id: 185, name: "ump", panel_id: 4, fetched_at: "2009-09-18 18:24:33", created_at: "2009-09-18 12:38:29", updated_at: "2009-09-18 18:24:33">, #<Tag id: 186, name: "sarkozy", panel_id: 4, fetched_at: "2009-09-18 18:24:33", created_at: "2009-09-18 12:38:29", updated_at: "2009-09-18 18:24:33">, #<Tag id: 187, name: "earum", panel_id: 5, fetched_at: "2009-09-18 18:24:33", created_at: "2009-09-18 17:06:06", updated_at: "2009-09-18 18:24:33">, #<Tag id: 188, name: "provident", panel_id: 5, fetched_at: "2009-09-18 18:24:33", created_at: "2009-09-18 17:06:06", updated_at: "2009-09-18 18:24:33">, #<Tag id: 189, name: "dicta", panel_id: 5, fetched_at: "2009-09-18 18:24:33", created_at: "2009-09-18 17:06:06", updated_at: "2009-09-18 18:24:33">, #<Tag id: 190, name: "et", panel_id: 5, fetched_at: "2009-09-18 18:24:33", created_at: "2009-09-18 17:06:06", updated_at: "2009-09-18 18:24:33">, #<Tag id: 191, name: "adipisci", panel_id: 5, fetched_at: "2009-09-18 18:24:33", created_at: "2009-09-18 17:06:06", updated_at: "2009-09-18 18:24:33">, #<Tag id: 192, name: "pariatur", panel_id: 5, fetched_at: "2009-09-18 18:24:33", created_at: "2009-09-18 17:06:06", updated_at: "2009-09-18 18:24:33">, #<Tag id: 193, name: "quis", panel_id: 5, fetched_at: "2009-09-18 18:24:33", created_at: "2009-09-18 17:06:06", updated_at: "2009-09-18 18:24:33">, #<Tag id: 194, name: "sed", panel_id: 5, fetched_at: "2009-09-18 18:24:33", created_at: "2009-09-18 17:06:06", updated_at: "2009-09-18 18:24:33">, #<Tag id: 195, name: "dolores", panel_id: 5, fetched_at: "2009-09-18 18:24:33", created_at: "2009-09-18 17:06:06", updated_at: "2009-09-18 18:24:33">]
Fri Sep 18 20:24:33 +0200 2009 - manger
Fri Sep 18 20:24:33 +0200 2009 - faim
Fri Sep 18 20:24:33 +0200 2009 - royal
Fri Sep 18 20:24:33 +0200 2009 - desirsdavenir
Fri Sep 18 20:24:33 +0200 2009 - ump
Fri Sep 18 20:24:33 +0200 2009 - sarkozy
Fri Sep 18 20:24:33 +0200 2009 - earum
Fri Sep 18 20:24:33 +0200 2009 - provident
Fri Sep 18 20:24:33 +0200 2009 - dicta
Fri Sep 18 20:24:33 +0200 2009 - et
Fri Sep 18 20:24:33 +0200 2009 - adipisci
Fri Sep 18 20:24:33 +0200 2009 - pariatur
Fri Sep 18 20:24:33 +0200 2009 - quis
Fri Sep 18 20:24:33 +0200 2009 - sed
Fri Sep 18 20:24:33 +0200 2009 - dolores
Fri Sep 18 20:24:33 +0200 2009 - [#<Tag id: 181, name: "manger", panel_id: 3, fetched_at: "2009-09-18 18:24:33", created_at: "2009-09-18 12:38:29", updated_at: "2009-09-18 18:24:33">, #<Tag id: 182, name: "faim", panel_id: 3, fetched_at: "2009-09-18 18:24:33", created_at: "2009-09-18 12:38:29", updated_at: "2009-09-18 18:24:33">, #<Tag id: 183, name: "royal", panel_id: 4, fetched_at: "2009-09-18 18:24:33", created_at: "2009-09-18 12:38:29", updated_at: "2009-09-18 18:24:33">, #<Tag id: 184, name: "desirsdavenir", panel_id: 4, fetched_at: "2009-09-18 18:24:33", created_at: "2009-09-18 12:38:29", updated_at: "2009-09-18 18:24:33">, #<Tag id: 185, name: "ump", panel_id: 4, fetched_at: "2009-09-18 18:24:33", created_at: "2009-09-18 12:38:29", updated_at: "2009-09-18 18:24:33">, #<Tag id: 186, name: "sarkozy", panel_id: 4, fetched_at: "2009-09-18 18:24:33", created_at: "2009-09-18 12:38:29", updated_at: "2009-09-18 18:24:33">, #<Tag id: 187, name: "earum", panel_id: 5, fetched_at: "2009-09-18 18:24:33", created_at: "2009-09-18 17:06:06", updated_at: "2009-09-18 18:24:33">, #<Tag id: 188, name: "provident", panel_id: 5, fetched_at: "2009-09-18 18:24:33", created_at: "2009-09-18 17:06:06", updated_at: "2009-09-18 18:24:33">, #<Tag id: 189, name: "dicta", panel_id: 5, fetched_at: "2009-09-18 18:24:33", created_at: "2009-09-18 17:06:06", updated_at: "2009-09-18 18:24:33">, #<Tag id: 190, name: "et", panel_id: 5, fetched_at: "2009-09-18 18:24:33", created_at: "2009-09-18 17:06:06", updated_at: "2009-09-18 18:24:33">, #<Tag id: 191, name: "adipisci", panel_id: 5, fetched_at: "2009-09-18 18:24:33", created_at: "2009-09-18 17:06:06", updated_at: "2009-09-18 18:24:33">, #<Tag id: 192, name: "pariatur", panel_id: 5, fetched_at: "2009-09-18 18:24:33", created_at: "2009-09-18 17:06:06", updated_at: "2009-09-18 18:24:33">, #<Tag id: 193, name: "quis", panel_id: 5, fetched_at: "2009-09-18 18:24:33", created_at: "2009-09-18 17:06:06", updated_at: "2009-09-18 18:24:33">, #<Tag id: 194, name: "sed", panel_id: 5, fetched_at: "2009-09-18 18:24:33", created_at: "2009-09-18 17:06:06", updated_at: "2009-09-18 18:24:33">, #<Tag id: 195, name: "dolores", panel_id: 5, fetched_at: "2009-09-18 18:24:33", created_at: "2009-09-18 17:06:06", updated_at: "2009-09-18 18:24:33">]
Fri Sep 18 20:24:33 +0200 2009 - manger
Fri Sep 18 20:24:33 +0200 2009 - faim
Fri Sep 18 20:24:33 +0200 2009 - royal
Fri Sep 18 20:24:33 +0200 2009 - desirsdavenir
Fri Sep 18 20:24:33 +0200 2009 - ump
Fri Sep 18 20:24:33 +0200 2009 - sarkozy
Fri Sep 18 20:24:33 +0200 2009 - earum
Fri Sep 18 20:24:33 +0200 2009 - provident
Fri Sep 18 20:24:33 +0200 2009 - dicta
Fri Sep 18 20:24:33 +0200 2009 - et
Fri Sep 18 20:24:33 +0200 2009 - adipisci
Fri Sep 18 20:24:33 +0200 2009 - pariatur
Fri Sep 18 20:24:33 +0200 2009 - quis
Fri Sep 18 20:24:33 +0200 2009 - sed
Fri Sep 18 20:24:33 +0200 2009 - dolores
Fri Sep 18 20:24:33 +0200 2009 - [#<Tag id: 181, name: "manger", panel_id: 3, fetched_at: "2009-09-18 18:24:33", created_at: "2009-09-18 12:38:29", updated_at: "2009-09-18 18:24:33">, #<Tag id: 182, name: "faim", panel_id: 3, fetched_at: "2009-09-18 18:24:33", created_at: "2009-09-18 12:38:29", updated_at: "2009-09-18 18:24:33">, #<Tag id: 183, name: "royal", panel_id: 4, fetched_at: "2009-09-18 18:24:33", created_at: "2009-09-18 12:38:29", updated_at: "2009-09-18 18:24:33">, #<Tag id: 184, name: "desirsdavenir", panel_id: 4, fetched_at: "2009-09-18 18:24:33", created_at: "2009-09-18 12:38:29", updated_at: "2009-09-18 18:24:33">, #<Tag id: 185, name: "ump", panel_id: 4, fetched_at: "2009-09-18 18:24:33", created_at: "2009-09-18 12:38:29", updated_at: "2009-09-18 18:24:33">, #<Tag id: 186, name: "sarkozy", panel_id: 4, fetched_at: "2009-09-18 18:24:33", created_at: "2009-09-18 12:38:29", updated_at: "2009-09-18 18:24:33">, #<Tag id: 187, name: "earum", panel_id: 5, fetched_at: "2009-09-18 18:24:33", created_at: "2009-09-18 17:06:06", updated_at: "2009-09-18 18:24:33">, #<Tag id: 188, name: "provident", panel_id: 5, fetched_at: "2009-09-18 18:24:33", created_at: "2009-09-18 17:06:06", updated_at: "2009-09-18 18:24:33">, #<Tag id: 189, name: "dicta", panel_id: 5, fetched_at: "2009-09-18 18:24:33", created_at: "2009-09-18 17:06:06", updated_at: "2009-09-18 18:24:33">, #<Tag id: 190, name: "et", panel_id: 5, fetched_at: "2009-09-18 18:24:33", created_at: "2009-09-18 17:06:06", updated_at: "2009-09-18 18:24:33">, #<Tag id: 191, name: "adipisci", panel_id: 5, fetched_at: "2009-09-18 18:24:33", created_at: "2009-09-18 17:06:06", updated_at: "2009-09-18 18:24:33">, #<Tag id: 192, name: "pariatur", panel_id: 5, fetched_at: "2009-09-18 18:24:33", created_at: "2009-09-18 17:06:06", updated_at: "2009-09-18 18:24:33">, #<Tag id: 193, name: "quis", panel_id: 5, fetched_at: "2009-09-18 18:24:33", created_at: "2009-09-18 17:06:06", updated_at: "2009-09-18 18:24:33">, #<Tag id: 194, name: "sed", panel_id: 5, fetched_at: "2009-09-18 18:24:33", created_at: "2009-09-18 17:06:06", updated_at: "2009-09-18 18:24:33">, #<Tag id: 195, name: "dolores", panel_id: 5, fetched_at: "2009-09-18 18:24:33", created_at: "2009-09-18 17:06:06", updated_at: "2009-09-18 18:24:33">]
Fri Sep 18 20:24:33 +0200 2009 - manger
Fri Sep 18 20:24:33 +0200 2009 - faim
Fri Sep 18 20:24:33 +0200 2009 - royal
Fri Sep 18 20:24:33 +0200 2009 - desirsdavenir
Fri Sep 18 20:24:33 +0200 2009 - ump
Fri Sep 18 20:24:33 +0200 2009 - sarkozy
Fri Sep 18 20:24:33 +0200 2009 - earum
Fri Sep 18 20:24:33 +0200 2009 - provident
Fri Sep 18 20:24:33 +0200 2009 - dicta
Fri Sep 18 20:24:33 +0200 2009 - et
Fri Sep 18 20:26:54 +0200 2009 - [#<Tag id: 196, name: "dolorem", panel_id: 5, fetched_at: "2009-09-18 18:26:53", created_at: "2009-09-18 17:06:06", updated_at: "2009-09-18 18:26:53">, #<Tag id: 197, name: "laboriosam", panel_id: 5, fetched_at: "2009-09-18 18:26:54", created_at: "2009-09-18 17:06:06", updated_at: "2009-09-18 18:26:54">, #<Tag id: 198, name: "omnis", panel_id: 5, fetched_at: "2009-09-18 18:26:54", created_at: "2009-09-18 17:06:06", updated_at: "2009-09-18 18:26:54">, #<Tag id: 199, name: "incidunt", panel_id: 5, fetched_at: "2009-09-18 18:26:54", created_at: "2009-09-18 17:06:06", updated_at: "2009-09-18 18:26:54">, #<Tag id: 200, name: "ut", panel_id: 5, fetched_at: "2009-09-18 18:26:54", created_at: "2009-09-18 17:06:06", updated_at: "2009-09-18 18:26:54">, #<Tag id: 201, name: "non", panel_id: 5, fetched_at: "2009-09-18 18:26:54", created_at: "2009-09-18 17:06:06", updated_at: "2009-09-18 18:26:54">, #<Tag id: 202, name: "id", panel_id: 5, fetched_at: "2009-09-18 18:26:54", created_at: "2009-09-18 17:06:06", updated_at: "2009-09-18 18:26:54">, #<Tag id: 203, name: "possimus", panel_id: 5, fetched_at: "2009-09-18 18:26:54", created_at: "2009-09-18 17:06:07", updated_at: "2009-09-18 18:26:54">, #<Tag id: 204, name: "vero", panel_id: 5, fetched_at: "2009-09-18 18:26:54", created_at: "2009-09-18 17:06:07", updated_at: "2009-09-18 18:26:54">, #<Tag id: 205, name: "molestiae", panel_id: 5, fetched_at: "2009-09-18 18:26:54", created_at: "2009-09-18 17:06:07", updated_at: "2009-09-18 18:26:54">, #<Tag id: 206, name: "eum", panel_id: 5, fetched_at: "2009-09-18 18:26:54", created_at: "2009-09-18 17:06:07", updated_at: "2009-09-18 18:26:54">, #<Tag id: 207, name: "ex", panel_id: 5, fetched_at: "2009-09-18 18:26:54", created_at: "2009-09-18 17:06:07", updated_at: "2009-09-18 18:26:54">, #<Tag id: 208, name: "enim", panel_id: 6, fetched_at: "2009-09-18 18:26:54", created_at: "2009-09-18 17:06:07", updated_at: "2009-09-18 18:26:54">, #<Tag id: 209, name: "aut", panel_id: 6, fetched_at: "2009-09-18 18:26:54", created_at: "2009-09-18 17:06:07", updated_at: "2009-09-18 18:26:54">, #<Tag id: 210, name: "dolorum", panel_id: 6, fetched_at: "2009-09-18 18:26:54", created_at: "2009-09-18 17:06:07", updated_at: "2009-09-18 18:26:54">]
Fri Sep 18 20:26:54 +0200 2009 - dolorem
Fri Sep 18 20:26:54 +0200 2009 - laboriosam
Fri Sep 18 20:26:54 +0200 2009 - omnis
Fri Sep 18 20:26:54 +0200 2009 - incidunt
Fri Sep 18 20:26:54 +0200 2009 - ut
Fri Sep 18 20:26:54 +0200 2009 - non
Fri Sep 18 20:26:54 +0200 2009 - id
Fri Sep 18 20:26:54 +0200 2009 - possimus
Fri Sep 18 20:26:54 +0200 2009 - vero
Fri Sep 18 20:26:54 +0200 2009 - molestiae
Fri Sep 18 20:26:54 +0200 2009 - eum
Fri Sep 18 20:26:54 +0200 2009 - ex
Fri Sep 18 20:26:54 +0200 2009 - enim
Fri Sep 18 20:26:54 +0200 2009 - aut
Fri Sep 18 20:26:54 +0200 2009 - dolorum
Fri Sep 18 20:26:54 +0200 2009 - [#<Tag id: 196, name: "dolorem", panel_id: 5, fetched_at: "2009-09-18 18:26:53", created_at: "2009-09-18 17:06:06", updated_at: "2009-09-18 18:26:53">, #<Tag id: 197, name: "laboriosam", panel_id: 5, fetched_at: "2009-09-18 18:26:54", created_at: "2009-09-18 17:06:06", updated_at: "2009-09-18 18:26:54">, #<Tag id: 198, name: "omnis", panel_id: 5, fetched_at: "2009-09-18 18:26:54", created_at: "2009-09-18 17:06:06", updated_at: "2009-09-18 18:26:54">, #<Tag id: 199, name: "incidunt", panel_id: 5, fetched_at: "2009-09-18 18:26:54", created_at: "2009-09-18 17:06:06", updated_at: "2009-09-18 18:26:54">, #<Tag id: 200, name: "ut", panel_id: 5, fetched_at: "2009-09-18 18:26:54", created_at: "2009-09-18 17:06:06", updated_at: "2009-09-18 18:26:54">, #<Tag id: 201, name: "non", panel_id: 5, fetched_at: "2009-09-18 18:26:54", created_at: "2009-09-18 17:06:06", updated_at: "2009-09-18 18:26:54">, #<Tag id: 202, name: "id", panel_id: 5, fetched_at: "2009-09-18 18:26:54", created_at: "2009-09-18 17:06:06", updated_at: "2009-09-18 18:26:54">, #<Tag id: 203, name: "possimus", panel_id: 5, fetched_at: "2009-09-18 18:26:54", created_at: "2009-09-18 17:06:07", updated_at: "2009-09-18 18:26:54">, #<Tag id: 204, name: "vero", panel_id: 5, fetched_at: "2009-09-18 18:26:54", created_at: "2009-09-18 17:06:07", updated_at: "2009-09-18 18:26:54">, #<Tag id: 205, name: "molestiae", panel_id: 5, fetched_at: "2009-09-18 18:26:54", created_at: "2009-09-18 17:06:07", updated_at: "2009-09-18 18:26:54">, #<Tag id: 206, name: "eum", panel_id: 5, fetched_at: "2009-09-18 18:26:54", created_at: "2009-09-18 17:06:07", updated_at: "2009-09-18 18:26:54">, #<Tag id: 207, name: "ex", panel_id: 5, fetched_at: "2009-09-18 18:26:54", created_at: "2009-09-18 17:06:07", updated_at: "2009-09-18 18:26:54">, #<Tag id: 208, name: "enim", panel_id: 6, fetched_at: "2009-09-18 18:26:54", created_at: "2009-09-18 17:06:07", updated_at: "2009-09-18 18:26:54">, #<Tag id: 209, name: "aut", panel_id: 6, fetched_at: "2009-09-18 18:26:54", created_at: "2009-09-18 17:06:07", updated_at: "2009-09-18 18:26:54">, #<Tag id: 210, name: "dolorum", panel_id: 6, fetched_at: "2009-09-18 18:26:54", created_at: "2009-09-18 17:06:07", updated_at: "2009-09-18 18:26:54">]
Fri Sep 18 20:26:54 +0200 2009 - dolorem
Fri Sep 18 20:27:16 +0200 2009 - [#<Tag id: 211, name: "animi", panel_id: 6, fetched_at: "2009-09-18 18:27:16", created_at: "2009-09-18 17:06:07", updated_at: "2009-09-18 18:27:16">, #<Tag id: 212, name: "aperiam", panel_id: 6, fetched_at: "2009-09-18 18:27:16", created_at: "2009-09-18 17:06:07", updated_at: "2009-09-18 18:27:16">, #<Tag id: 213, name: "ratione", panel_id: 7, fetched_at: "2009-09-18 18:27:16", created_at: "2009-09-18 17:06:07", updated_at: "2009-09-18 18:27:16">, #<Tag id: 214, name: "praesentium", panel_id: 7, fetched_at: "2009-09-18 18:27:16", created_at: "2009-09-18 17:06:07", updated_at: "2009-09-18 18:27:16">, #<Tag id: 215, name: "dolore", panel_id: 7, fetched_at: "2009-09-18 18:27:16", created_at: "2009-09-18 17:06:07", updated_at: "2009-09-18 18:27:16">, #<Tag id: 216, name: "voluptatem", panel_id: 7, fetched_at: "2009-09-18 18:27:16", created_at: "2009-09-18 17:06:07", updated_at: "2009-09-18 18:27:16">, #<Tag id: 217, name: "similique", panel_id: 7, fetched_at: "2009-09-18 18:27:16", created_at: "2009-09-18 17:06:07", updated_at: "2009-09-18 18:27:16">, #<Tag id: 218, name: "ipsam", panel_id: 7, fetched_at: "2009-09-18 18:27:16", created_at: "2009-09-18 17:06:07", updated_at: "2009-09-18 18:27:16">, #<Tag id: 219, name: "beatae", panel_id: 7, fetched_at: "2009-09-18 18:27:16", created_at: "2009-09-18 17:06:07", updated_at: "2009-09-18 18:27:16">, #<Tag id: 220, name: "facilis", panel_id: 7, fetched_at: "2009-09-18 18:27:16", created_at: "2009-09-18 17:06:07", updated_at: "2009-09-18 18:27:16">, #<Tag id: 221, name: "deserunt", panel_id: 7, fetched_at: "2009-09-18 18:27:16", created_at: "2009-09-18 17:06:07", updated_at: "2009-09-18 18:27:16">, #<Tag id: 222, name: "quidem", panel_id: 7, fetched_at: "2009-09-18 18:27:16", created_at: "2009-09-18 17:06:07", updated_at: "2009-09-18 18:27:16">, #<Tag id: 223, name: "quibusdam", panel_id: 7, fetched_at: "2009-09-18 18:27:16", created_at: "2009-09-18 17:06:07", updated_at: "2009-09-18 18:27:16">, #<Tag id: 224, name: "eligendi", panel_id: 8, fetched_at: "2009-09-18 18:27:16", created_at: "2009-09-18 17:06:07", updated_at: "2009-09-18 18:27:16">, #<Tag id: 225, name: "iusto", panel_id: 8, fetched_at: "2009-09-18 18:27:16", created_at: "2009-09-18 17:06:07", updated_at: "2009-09-18 18:27:16">]
Fri Sep 18 20:27:16 +0200 2009 - #<Tag:0x1031b78e0>
Fri Sep 18 20:27:16 +0200 2009 - #<Tag:0x1031b7840>
Fri Sep 18 20:27:16 +0200 2009 - #<Tag:0x1031b77a0>
Fri Sep 18 20:27:16 +0200 2009 - #<Tag:0x1031b7700>
Fri Sep 18 20:27:16 +0200 2009 - #<Tag:0x1031b7660>
Fri Sep 18 20:27:16 +0200 2009 - #<Tag:0x1031b75c0>
Fri Sep 18 20:27:16 +0200 2009 - #<Tag:0x1031b7520>
Fri Sep 18 20:27:16 +0200 2009 - #<Tag:0x1031b7480>
Fri Sep 18 20:27:16 +0200 2009 - #<Tag:0x1031b73e0>
Fri Sep 18 20:27:16 +0200 2009 - #<Tag:0x1031b7340>
Fri Sep 18 20:27:16 +0200 2009 - #<Tag:0x1031b72a0>
Fri Sep 18 20:27:16 +0200 2009 - #<Tag:0x1031b7200>
Fri Sep 18 20:27:16 +0200 2009 - #<Tag:0x1031b7160>
Fri Sep 18 20:27:16 +0200 2009 - #<Tag:0x1031b70c0>
Fri Sep 18 20:27:16 +0200 2009 - #<Tag:0x1031b7020>
Fri Sep 18 20:27:16 +0200 2009 - [#<Tag id: 211, name: "animi", panel_id: 6, fetched_at: "2009-09-18 18:27:16", created_at: "2009-09-18 17:06:07", updated_at: "2009-09-18 18:27:16">, #<Tag id: 212, name: "aperiam", panel_id: 6, fetched_at: "2009-09-18 18:27:16", created_at: "2009-09-18 17:06:07", updated_at: "2009-09-18 18:27:16">, #<Tag id: 213, name: "ratione", panel_id: 7, fetched_at: "2009-09-18 18:27:16", created_at: "2009-09-18 17:06:07", updated_at: "2009-09-18 18:27:16">, #<Tag id: 214, name: "praesentium", panel_id: 7, fetched_at: "2009-09-18 18:27:16", created_at: "2009-09-18 17:06:07", updated_at: "2009-09-18 18:27:16">, #<Tag id: 215, name: "dolore", panel_id: 7, fetched_at: "2009-09-18 18:27:16", created_at: "2009-09-18 17:06:07", updated_at: "2009-09-18 18:27:16">, #<Tag id: 216, name: "voluptatem", panel_id: 7, fetched_at: "2009-09-18 18:27:16", created_at: "2009-09-18 17:06:07", updated_at: "2009-09-18 18:27:16">, #<Tag id: 217, name: "similique", panel_id: 7, fetched_at: "2009-09-18 18:27:16", created_at: "2009-09-18 17:06:07", updated_at: "2009-09-18 18:27:16">, #<Tag id: 218, name: "ipsam", panel_id: 7, fetched_at: "2009-09-18 18:27:16", created_at: "2009-09-18 17:06:07", updated_at: "2009-09-18 18:27:16">, #<Tag id: 219, name: "beatae", panel_id: 7, fetched_at: "2009-09-18 18:27:16", created_at: "2009-09-18 17:06:07", updated_at: "2009-09-18 18:27:16">, #<Tag id: 220, name: "facilis", panel_id: 7, fetched_at: "2009-09-18 18:27:16", created_at: "2009-09-18 17:06:07", updated_at: "2009-09-18 18:27:16">, #<Tag id: 221, name: "deserunt", panel_id: 7, fetched_at: "2009-09-18 18:27:16", created_at: "2009-09-18 17:06:07", updated_at: "2009-09-18 18:27:16">, #<Tag id: 222, name: "quidem", panel_id: 7, fetched_at: "2009-09-18 18:27:16", created_at: "2009-09-18 17:06:07", updated_at: "2009-09-18 18:27:16">, #<Tag id: 223, name: "quibusdam", panel_id: 7, fetched_at: "2009-09-18 18:27:16", created_at: "2009-09-18 17:06:07", updated_at: "2009-09-18 18:27:16">, #<Tag id: 224, name: "eligendi", panel_id: 8, fetched_at: "2009-09-18 18:27:16", created_at: "2009-09-18 17:06:07", updated_at: "2009-09-18 18:27:16">, #<Tag id: 225, name: "iusto", panel_id: 8, fetched_at: "2009-09-18 18:27:16", created_at: "2009-09-18 17:06:07", updated_at: "2009-09-18 18:27:16">]
Fri Sep 18 20:27:16 +0200 2009 - #<Tag:0x1031b78e0>
Fri Sep 18 20:27:16 +0200 2009 - #<Tag:0x1031b7840>
Fri Sep 18 20:27:16 +0200 2009 - #<Tag:0x1031b77a0>
Fri Sep 18 20:27:16 +0200 2009 - #<Tag:0x1031b7700>
Fri Sep 18 20:27:16 +0200 2009 - #<Tag:0x1031b7660>
Fri Sep 18 20:27:29 +0200 2009 - [#<Tag id: 226, name: "dignissimos", panel_id: 8, fetched_at: "2009-09-18 18:27:29", created_at: "2009-09-18 17:06:07", updated_at: "2009-09-18 18:27:29">, #<Tag id: 227, name: "ab", panel_id: 8, fetched_at: "2009-09-18 18:27:29", created_at: "2009-09-18 17:06:07", updated_at: "2009-09-18 18:27:29">, #<Tag id: 228, name: "laudantium", panel_id: 8, fetched_at: "2009-09-18 18:27:29", created_at: "2009-09-18 17:06:07", updated_at: "2009-09-18 18:27:29">, #<Tag id: 229, name: "ducimus", panel_id: 8, fetched_at: "2009-09-18 18:27:29", created_at: "2009-09-18 17:06:07", updated_at: "2009-09-18 18:27:29">, #<Tag id: 230, name: "iure", panel_id: 8, fetched_at: "2009-09-18 18:27:29", created_at: "2009-09-18 17:06:07", updated_at: "2009-09-18 18:27:29">, #<Tag id: 231, name: "harum", panel_id: 9, fetched_at: "2009-09-18 18:27:29", created_at: "2009-09-18 17:06:07", updated_at: "2009-09-18 18:27:29">, #<Tag id: 232, name: "accusantium", panel_id: 9, fetched_at: "2009-09-18 18:27:29", created_at: "2009-09-18 17:06:07", updated_at: "2009-09-18 18:27:29">, #<Tag id: 233, name: "repellat", panel_id: 9, fetched_at: "2009-09-18 18:27:29", created_at: "2009-09-18 17:06:07", updated_at: "2009-09-18 18:27:29">, #<Tag id: 234, name: "quia", panel_id: 9, fetched_at: "2009-09-18 18:27:29", created_at: "2009-09-18 17:06:07", updated_at: "2009-09-18 18:27:29">, #<Tag id: 235, name: "ipsa", panel_id: 10, fetched_at: "2009-09-18 18:27:29", created_at: "2009-09-18 17:06:12", updated_at: "2009-09-18 18:27:29">, #<Tag id: 236, name: "esse", panel_id: 10, fetched_at: "2009-09-18 18:27:29", created_at: "2009-09-18 17:06:12", updated_at: "2009-09-18 18:27:29">, #<Tag id: 237, name: "numquam", panel_id: 10, fetched_at: "2009-09-18 18:27:29", created_at: "2009-09-18 17:06:12", updated_at: "2009-09-18 18:27:29">, #<Tag id: 238, name: "eveniet", panel_id: 10, fetched_at: "2009-09-18 18:27:29", created_at: "2009-09-18 17:06:12", updated_at: "2009-09-18 18:27:29">, #<Tag id: 239, name: "quos", panel_id: 10, fetched_at: "2009-09-18 18:27:29", created_at: "2009-09-18 17:06:12", updated_at: "2009-09-18 18:27:29">, #<Tag id: 240, name: "est", panel_id: 10, fetched_at: "2009-09-18 18:27:29", created_at: "2009-09-18 17:06:12", updated_at: "2009-09-18 18:27:29">]
Fri Sep 18 20:27:29 +0200 2009 - 
Fri Sep 18 20:27:29 +0200 2009 - 
Fri Sep 18 20:27:29 +0200 2009 - 
Fri Sep 18 20:27:29 +0200 2009 - 
Fri Sep 18 20:27:29 +0200 2009 - 
Fri Sep 18 20:27:29 +0200 2009 - 
Fri Sep 18 20:27:29 +0200 2009 - 
Fri Sep 18 20:27:29 +0200 2009 - 
Fri Sep 18 20:27:29 +0200 2009 - 
Fri Sep 18 20:27:29 +0200 2009 - 
Fri Sep 18 20:27:30 +0200 2009 - 
Fri Sep 18 20:27:30 +0200 2009 - 
Fri Sep 18 20:27:30 +0200 2009 - 
Fri Sep 18 20:27:30 +0200 2009 - 
Fri Sep 18 20:27:30 +0200 2009 - 
Fri Sep 18 20:27:52 +0200 2009 - [#<Tag id: 241, name: "modi", panel_id: 10, fetched_at: "2009-09-18 18:27:52", created_at: "2009-09-18 17:06:12", updated_at: "2009-09-18 18:27:52">, #<Tag id: 242, name: "a", panel_id: 11, fetched_at: "2009-09-18 18:27:52", created_at: "2009-09-18 17:06:12", updated_at: "2009-09-18 18:27:52">, #<Tag id: 243, name: "fugit", panel_id: 11, fetched_at: "2009-09-18 18:27:52", created_at: "2009-09-18 17:06:12", updated_at: "2009-09-18 18:27:52">, #<Tag id: 244, name: "delectus", panel_id: 11, fetched_at: "2009-09-18 18:27:52", created_at: "2009-09-18 17:06:12", updated_at: "2009-09-18 18:27:52">, #<Tag id: 245, name: "odit", panel_id: 11, fetched_at: "2009-09-18 18:27:52", created_at: "2009-09-18 17:06:12", updated_at: "2009-09-18 18:27:52">, #<Tag id: 246, name: "error", panel_id: 11, fetched_at: "2009-09-18 18:27:52", created_at: "2009-09-18 17:06:12", updated_at: "2009-09-18 18:27:52">, #<Tag id: 247, name: "quaerat", panel_id: 11, fetched_at: "2009-09-18 18:27:52", created_at: "2009-09-18 17:06:12", updated_at: "2009-09-18 18:27:52">, #<Tag id: 248, name: "commodi", panel_id: 11, fetched_at: "2009-09-18 18:27:52", created_at: "2009-09-18 17:06:12", updated_at: "2009-09-18 18:27:52">, #<Tag id: 249, name: "consequatur", panel_id: 11, fetched_at: "2009-09-18 18:27:52", created_at: "2009-09-18 17:06:12", updated_at: "2009-09-18 18:27:52">, #<Tag id: 250, name: "optio", panel_id: 11, fetched_at: "2009-09-18 18:27:52", created_at: "2009-09-18 17:06:12", updated_at: "2009-09-18 18:27:52">, #<Tag id: 251, name: "explicabo", panel_id: 11, fetched_at: "2009-09-18 18:27:52", created_at: "2009-09-18 17:06:12", updated_at: "2009-09-18 18:27:52">, #<Tag id: 252, name: "magnam", panel_id: 12, fetched_at: "2009-09-18 18:27:52", created_at: "2009-09-18 17:06:12", updated_at: "2009-09-18 18:27:52">, #<Tag id: 253, name: "sunt", panel_id: 12, fetched_at: "2009-09-18 18:27:52", created_at: "2009-09-18 17:06:12", updated_at: "2009-09-18 18:27:52">, #<Tag id: 254, name: "in", panel_id: 15, fetched_at: "2009-09-18 18:27:52", created_at: "2009-09-18 17:10:34", updated_at: "2009-09-18 18:27:52">, #<Tag id: 255, name: "rerum", panel_id: 15, fetched_at: "2009-09-18 18:27:52", created_at: "2009-09-18 17:10:34", updated_at: "2009-09-18 18:27:52">]
Fri Sep 18 20:27:52 +0200 2009 - tag.panel
Fri Sep 18 20:27:52 +0200 2009 - 
Fri Sep 18 20:27:52 +0200 2009 - tag.panel
Fri Sep 18 20:27:52 +0200 2009 - 
Fri Sep 18 20:27:52 +0200 2009 - tag.panel
Fri Sep 18 20:27:52 +0200 2009 - 
Fri Sep 18 20:27:52 +0200 2009 - tag.panel
Fri Sep 18 20:27:52 +0200 2009 - 
Fri Sep 18 20:27:52 +0200 2009 - tag.panel
Fri Sep 18 20:27:52 +0200 2009 - 
Fri Sep 18 20:27:52 +0200 2009 - tag.panel
Fri Sep 18 20:27:52 +0200 2009 - 
Fri Sep 18 20:27:52 +0200 2009 - tag.panel
Fri Sep 18 20:27:52 +0200 2009 - 
Fri Sep 18 20:27:52 +0200 2009 - tag.panel
Fri Sep 18 20:27:52 +0200 2009 - 
Fri Sep 18 20:27:52 +0200 2009 - tag.panel
Fri Sep 18 20:27:52 +0200 2009 - 
Fri Sep 18 20:27:52 +0200 2009 - tag.panel
Fri Sep 18 20:27:52 +0200 2009 - 
Fri Sep 18 20:27:52 +0200 2009 - tag.panel
Fri Sep 18 20:27:52 +0200 2009 - 
Fri Sep 18 20:27:52 +0200 2009 - tag.panel
Fri Sep 18 20:27:52 +0200 2009 - 
Fri Sep 18 20:27:52 +0200 2009 - tag.panel
Fri Sep 18 20:27:52 +0200 2009 - 
Fri Sep 18 20:27:52 +0200 2009 - tag.panel
Fri Sep 18 20:27:52 +0200 2009 - 
Fri Sep 18 20:27:52 +0200 2009 - tag.panel
Fri Sep 18 20:27:52 +0200 2009 - 
Fri Sep 18 20:27:52 +0200 2009 - [#<Tag id: 241, name: "modi", panel_id: 10, fetched_at: "2009-09-18 18:27:52", created_at: "2009-09-18 17:06:12", updated_at: "2009-09-18 18:27:52">, #<Tag id: 242, name: "a", panel_id: 11, fetched_at: "2009-09-18 18:27:52", created_at: "2009-09-18 17:06:12", updated_at: "2009-09-18 18:27:52">, #<Tag id: 243, name: "fugit", panel_id: 11, fetched_at: "2009-09-18 18:27:52", created_at: "2009-09-18 17:06:12", updated_at: "2009-09-18 18:27:52">, #<Tag id: 244, name: "delectus", panel_id: 11, fetched_at: "2009-09-18 18:27:52", created_at: "2009-09-18 17:06:12", updated_at: "2009-09-18 18:27:52">, #<Tag id: 245, name: "odit", panel_id: 11, fetched_at: "2009-09-18 18:27:52", created_at: "2009-09-18 17:06:12", updated_at: "2009-09-18 18:27:52">, #<Tag id: 246, name: "error", panel_id: 11, fetched_at: "2009-09-18 18:27:52", created_at: "2009-09-18 17:06:12", updated_at: "2009-09-18 18:27:52">, #<Tag id: 247, name: "quaerat", panel_id: 11, fetched_at: "2009-09-18 18:27:52", created_at: "2009-09-18 17:06:12", updated_at: "2009-09-18 18:27:52">, #<Tag id: 248, name: "commodi", panel_id: 11, fetched_at: "2009-09-18 18:27:52", created_at: "2009-09-18 17:06:12", updated_at: "2009-09-18 18:27:52">, #<Tag id: 249, name: "consequatur", panel_id: 11, fetched_at: "2009-09-18 18:27:52", created_at: "2009-09-18 17:06:12", updated_at: "2009-09-18 18:27:52">, #<Tag id: 250, name: "optio", panel_id: 11, fetched_at: "2009-09-18 18:27:52", created_at: "2009-09-18 17:06:12", updated_at: "2009-09-18 18:27:52">, #<Tag id: 251, name: "explicabo", panel_id: 11, fetched_at: "2009-09-18 18:27:52", created_at: "2009-09-18 17:06:12", updated_at: "2009-09-18 18:27:52">, #<Tag id: 252, name: "magnam", panel_id: 12, fetched_at: "2009-09-18 18:27:52", created_at: "2009-09-18 17:06:12", updated_at: "2009-09-18 18:27:52">, #<Tag id: 253, name: "sunt", panel_id: 12, fetched_at: "2009-09-18 18:27:52", created_at: "2009-09-18 17:06:12", updated_at: "2009-09-18 18:27:52">, #<Tag id: 254, name: "in", panel_id: 15, fetched_at: "2009-09-18 18:27:52", created_at: "2009-09-18 17:10:34", updated_at: "2009-09-18 18:27:52">, #<Tag id: 255, name: "rerum", panel_id: 15, fetched_at: "2009-09-18 18:27:52", created_at: "2009-09-18 17:10:34", updated_at: "2009-09-18 18:27:52">]
Fri Sep 18 20:27:52 +0200 2009 - tag.panel
Fri Sep 18 20:27:52 +0200 2009 - 
Fri Sep 18 20:27:52 +0200 2009 - tag.panel
Fri Sep 18 20:27:52 +0200 2009 - 
Fri Sep 18 20:29:29 +0200 2009 - [#<Tag id: 256, name: "eos", panel_id: 15, fetched_at: "2009-09-18 18:29:29", created_at: "2009-09-18 17:10:34", updated_at: "2009-09-18 18:29:29">, #<Tag id: 257, name: "tempora", panel_id: 15, fetched_at: "2009-09-18 18:29:29", created_at: "2009-09-18 17:10:34", updated_at: "2009-09-18 18:29:29">, #<Tag id: 258, name: "accusamus", panel_id: 15, fetched_at: "2009-09-18 18:29:29", created_at: "2009-09-18 17:10:34", updated_at: "2009-09-18 18:29:29">, #<Tag id: 259, name: "quas", panel_id: 15, fetched_at: "2009-09-18 18:29:29", created_at: "2009-09-18 17:10:34", updated_at: "2009-09-18 18:29:29">, #<Tag id: 260, name: "dolor", panel_id: 15, fetched_at: "2009-09-18 18:29:29", created_at: "2009-09-18 17:10:34", updated_at: "2009-09-18 18:29:29">, #<Tag id: 261, name: "corporis", panel_id: 15, fetched_at: "2009-09-18 18:29:29", created_at: "2009-09-18 17:10:34", updated_at: "2009-09-18 18:29:29">, #<Tag id: 262, name: "magni", panel_id: 16, fetched_at: "2009-09-18 18:29:29", created_at: "2009-09-18 17:10:34", updated_at: "2009-09-18 18:29:29">, #<Tag id: 263, name: "sit", panel_id: 16, fetched_at: "2009-09-18 18:29:29", created_at: "2009-09-18 17:10:34", updated_at: "2009-09-18 18:29:29">, #<Tag id: 264, name: "suscipit", panel_id: 16, fetched_at: "2009-09-18 18:29:29", created_at: "2009-09-18 17:10:34", updated_at: "2009-09-18 18:29:29">, #<Tag id: 265, name: "libero", panel_id: 16, fetched_at: "2009-09-18 18:29:29", created_at: "2009-09-18 17:10:34", updated_at: "2009-09-18 18:29:29">, #<Tag id: 266, name: "temporibus", panel_id: 17, fetched_at: "2009-09-18 18:29:29", created_at: "2009-09-18 17:10:34", updated_at: "2009-09-18 18:29:29">, #<Tag id: 267, name: "doloribus", panel_id: 17, fetched_at: "2009-09-18 18:29:29", created_at: "2009-09-18 17:10:34", updated_at: "2009-09-18 18:29:29">, #<Tag id: 268, name: "labore", panel_id: 18, fetched_at: "2009-09-18 18:29:29", created_at: "2009-09-18 17:10:34", updated_at: "2009-09-18 18:29:29">, #<Tag id: 269, name: "deleniti", panel_id: 18, fetched_at: "2009-09-18 18:29:29", created_at: "2009-09-18 17:10:34", updated_at: "2009-09-18 18:29:29">, #<Tag id: 270, name: "minus", panel_id: 18, fetched_at: "2009-09-18 18:29:29", created_at: "2009-09-18 17:10:35", updated_at: "2009-09-18 18:29:29">]
Fri Sep 18 20:29:29 +0200 2009 - tag.panel
Fri Sep 18 20:29:29 +0200 2009 - 
Fri Sep 18 20:29:29 +0200 2009 - tag.panel
Fri Sep 18 20:29:29 +0200 2009 - 
Fri Sep 18 20:29:29 +0200 2009 - tag.panel
Fri Sep 18 20:29:29 +0200 2009 - 
Fri Sep 18 20:29:29 +0200 2009 - tag.panel
Fri Sep 18 20:29:29 +0200 2009 - 
Fri Sep 18 20:29:29 +0200 2009 - tag.panel
Fri Sep 18 20:29:29 +0200 2009 - 
Fri Sep 18 20:29:29 +0200 2009 - tag.panel
Fri Sep 18 20:29:29 +0200 2009 - 
Fri Sep 18 20:29:29 +0200 2009 - tag.panel
Fri Sep 18 20:29:29 +0200 2009 - 
Fri Sep 18 20:29:29 +0200 2009 - tag.panel
Fri Sep 18 20:29:29 +0200 2009 - 
Fri Sep 18 20:29:29 +0200 2009 - tag.panel
Fri Sep 18 20:29:29 +0200 2009 - 
Fri Sep 18 20:29:29 +0200 2009 - tag.panel
Fri Sep 18 20:29:29 +0200 2009 - 
Fri Sep 18 20:29:29 +0200 2009 - tag.panel
Fri Sep 18 20:29:29 +0200 2009 - 
Fri Sep 18 20:29:29 +0200 2009 - tag.panel
Fri Sep 18 20:29:29 +0200 2009 - 
Fri Sep 18 20:29:29 +0200 2009 - tag.panel
Fri Sep 18 20:29:29 +0200 2009 - 
Fri Sep 18 20:29:29 +0200 2009 - tag.panel
Fri Sep 18 20:29:29 +0200 2009 - 
Fri Sep 18 20:29:29 +0200 2009 - tag.panel
Fri Sep 18 20:29:29 +0200 2009 - 
Fri Sep 18 20:29:29 +0200 2009 - [#<Tag id: 271, name: "natus", panel_id: 18, fetched_at: "2009-09-18 18:29:29", created_at: "2009-09-18 17:10:35", updated_at: "2009-09-18 18:29:29">, #<Tag id: 272, name: "autem", panel_id: 18, fetched_at: "2009-09-18 18:29:29", created_at: "2009-09-18 17:10:35", updated_at: "2009-09-18 18:29:29">, #<Tag id: 273, name: "atque", panel_id: 18, fetched_at: "2009-09-18 18:29:29", created_at: "2009-09-18 17:10:35", updated_at: "2009-09-18 18:29:29">, #<Tag id: 274, name: "necessitatibus", panel_id: 18, fetched_at: "2009-09-18 18:29:29", created_at: "2009-09-18 17:10:35", updated_at: "2009-09-18 18:29:29">, #<Tag id: 275, name: "tenetur", panel_id: 18, fetched_at: "2009-09-18 18:29:29", created_at: "2009-09-18 17:10:35", updated_at: "2009-09-18 18:29:29">, #<Tag id: 276, name: "culpa", panel_id: 19, fetched_at: "2009-09-18 18:29:29", created_at: "2009-09-18 17:10:35", updated_at: "2009-09-18 18:29:29">, #<Tag id: 277, name: "maiores", panel_id: 19, fetched_at: "2009-09-18 18:29:29", created_at: "2009-09-18 17:10:35", updated_at: "2009-09-18 18:29:29">, #<Tag id: 278, name: "inventore", panel_id: 20, fetched_at: "2009-09-18 18:29:29", created_at: "2009-09-18 17:32:09", updated_at: "2009-09-18 18:29:29">, #<Tag id: 279, name: "at", panel_id: 20, fetched_at: "2009-09-18 18:29:29", created_at: "2009-09-18 17:32:09", updated_at: "2009-09-18 18:29:29">, #<Tag id: 280, name: "vitae", panel_id: 20, fetched_at: "2009-09-18 18:29:29", created_at: "2009-09-18 17:32:09", updated_at: "2009-09-18 18:29:29">, #<Tag id: 281, name: "reprehenderit", panel_id: 20, fetched_at: "2009-09-18 18:29:29", created_at: "2009-09-18 17:32:09", updated_at: "2009-09-18 18:29:29">, #<Tag id: 282, name: "veniam", panel_id: 21, fetched_at: "2009-09-18 18:29:29", created_at: "2009-09-18 17:32:09", updated_at: "2009-09-18 18:29:29">, #<Tag id: 283, name: "sapiente", panel_id: 22, fetched_at: "2009-09-18 18:29:29", created_at: "2009-09-18 17:32:09", updated_at: "2009-09-18 18:29:29">, #<Tag id: 284, name: "velit", panel_id: 22, fetched_at: "2009-09-18 18:29:29", created_at: "2009-09-18 17:32:09", updated_at: "2009-09-18 18:29:29">, #<Tag id: 285, name: "odio", panel_id: 22, fetched_at: "2009-09-18 18:29:29", created_at: "2009-09-18 17:32:09", updated_at: "2009-09-18 18:29:29">]
Fri Sep 18 20:29:29 +0200 2009 - tag.panel
Fri Sep 18 20:29:29 +0200 2009 - 
Fri Sep 18 20:29:29 +0200 2009 - tag.panel
Fri Sep 18 20:29:29 +0200 2009 - 
Fri Sep 18 20:29:29 +0200 2009 - tag.panel
Fri Sep 18 20:29:29 +0200 2009 - 
Fri Sep 18 20:29:29 +0200 2009 - tag.panel
Fri Sep 18 20:29:29 +0200 2009 - 
Fri Sep 18 20:29:29 +0200 2009 - tag.panel
Fri Sep 18 20:29:29 +0200 2009 - 
Fri Sep 18 20:29:29 +0200 2009 - tag.panel
Fri Sep 18 20:29:29 +0200 2009 - 
Fri Sep 18 20:29:29 +0200 2009 - tag.panel
Fri Sep 18 20:29:29 +0200 2009 - 
Fri Sep 18 20:29:29 +0200 2009 - tag.panel
Fri Sep 18 20:29:29 +0200 2009 - 
Fri Sep 18 20:29:29 +0200 2009 - tag.panel
Fri Sep 18 20:29:29 +0200 2009 - 
Fri Sep 18 20:29:42 +0200 2009 - [#<Tag id: 286, name: "quae", panel_id: 23, fetched_at: "2009-09-18 18:29:42", created_at: "2009-09-18 17:32:09", updated_at: "2009-09-18 18:29:42">, #<Tag id: 287, name: "qui", panel_id: 23, fetched_at: "2009-09-18 18:29:42", created_at: "2009-09-18 17:32:09", updated_at: "2009-09-18 18:29:42">, #<Tag id: 288, name: "officia", panel_id: 23, fetched_at: "2009-09-18 18:29:42", created_at: "2009-09-18 17:32:09", updated_at: "2009-09-18 18:29:42">, #<Tag id: 289, name: "distinctio", panel_id: 23, fetched_at: "2009-09-18 18:29:42", created_at: "2009-09-18 17:32:09", updated_at: "2009-09-18 18:29:42">, #<Tag id: 290, name: "amet", panel_id: 23, fetched_at: "2009-09-18 18:29:42", created_at: "2009-09-18 17:32:09", updated_at: "2009-09-18 18:29:42">, #<Tag id: 291, name: "eaque", panel_id: 24, fetched_at: "2009-09-18 18:29:42", created_at: "2009-09-18 17:32:09", updated_at: "2009-09-18 18:29:42">, #<Tag id: 292, name: "reiciendis", panel_id: 24, fetched_at: "2009-09-18 18:29:42", created_at: "2009-09-18 17:32:09", updated_at: "2009-09-18 18:29:42">, #<Tag id: 293, name: "iste", panel_id: 25, fetched_at: "2009-09-18 18:29:42", created_at: "2009-09-18 17:32:46", updated_at: "2009-09-18 18:29:42">, #<Tag id: 294, name: "doloremque", panel_id: 25, fetched_at: "2009-09-18 18:29:42", created_at: "2009-09-18 17:32:46", updated_at: "2009-09-18 18:29:42">, #<Tag id: 295, name: "perferendis", panel_id: 26, fetched_at: "2009-09-18 18:29:42", created_at: "2009-09-18 17:32:46", updated_at: "2009-09-18 18:29:42">, #<Tag id: 296, name: "fugiat", panel_id: 26, fetched_at: "2009-09-18 18:29:42", created_at: "2009-09-18 17:32:46", updated_at: "2009-09-18 18:29:42">, #<Tag id: 297, name: "repellendus", panel_id: 26, fetched_at: "2009-09-18 18:29:42", created_at: "2009-09-18 17:32:46", updated_at: "2009-09-18 18:29:42">, #<Tag id: 298, name: "expedita", panel_id: 26, fetched_at: "2009-09-18 18:29:42", created_at: "2009-09-18 17:32:46", updated_at: "2009-09-18 18:29:42">, #<Tag id: 299, name: "recusandae", panel_id: 28, fetched_at: "2009-09-18 18:29:42", created_at: "2009-09-18 17:32:46", updated_at: "2009-09-18 18:29:42">, #<Tag id: 300, name: "consequuntur", panel_id: 28, fetched_at: "2009-09-18 18:29:42", created_at: "2009-09-18 17:32:46", updated_at: "2009-09-18 18:29:42">]
Fri Sep 18 20:29:42 +0200 2009 - tag.panel
Fri Sep 18 20:29:42 +0200 2009 - 
Fri Sep 18 20:29:42 +0200 2009 - tag.panel
Fri Sep 18 20:29:42 +0200 2009 - 
Fri Sep 18 20:29:42 +0200 2009 - tag.panel
Fri Sep 18 20:29:42 +0200 2009 - 
Fri Sep 18 20:29:42 +0200 2009 - tag.panel
Fri Sep 18 20:29:42 +0200 2009 - 
Fri Sep 18 20:29:42 +0200 2009 - tag.panel
Fri Sep 18 20:29:42 +0200 2009 - 
Fri Sep 18 20:29:42 +0200 2009 - tag.panel
Fri Sep 18 20:29:42 +0200 2009 - 
Fri Sep 18 20:29:42 +0200 2009 - tag.panel
Fri Sep 18 20:29:42 +0200 2009 - 
Fri Sep 18 20:29:42 +0200 2009 - tag.panel
Fri Sep 18 20:29:42 +0200 2009 - 
Fri Sep 18 20:29:42 +0200 2009 - tag.panel
Fri Sep 18 20:29:42 +0200 2009 - 
Fri Sep 18 20:29:42 +0200 2009 - tag.panel
Fri Sep 18 20:29:42 +0200 2009 - 
Fri Sep 18 20:29:42 +0200 2009 - tag.panel
Fri Sep 18 20:29:42 +0200 2009 - 
Fri Sep 18 20:29:42 +0200 2009 - tag.panel
Fri Sep 18 20:29:42 +0200 2009 - 
Fri Sep 18 20:29:42 +0200 2009 - tag.panel
Fri Sep 18 20:29:42 +0200 2009 - 
Fri Sep 18 20:29:42 +0200 2009 - tag.panel
Fri Sep 18 20:29:42 +0200 2009 - 
